0 info it worked if it ends with ok
1 verbose cli [ '/usr/local/bin/node', '/usr/local/bin/npm', 'install' ]
2 info using npm@2.14.4
3 info using node@v4.1.1
4 verbose readDependencies loading dependencies from /Applications/MAMP/htdocs/openfoundry/package.json
5 verbose install where, deps [ '/Applications/MAMP/htdocs/openfoundry',
5 verbose install   [ 'express',
5 verbose install     'jade',
5 verbose install     'mongodb',
5 verbose install     'mongoskin',
5 verbose install     'react',
5 verbose install     'react-dom',
5 verbose install     'request-ip',
5 verbose install     'babel-preset-es2015',
5 verbose install     'babel-preset-react',
5 verbose install     'babelify',
5 verbose install     'browser-sync',
5 verbose install     'browserify',
5 verbose install     'classnames',
5 verbose install     'del',
5 verbose install     'gulp',
5 verbose install     'gulp-autoprefixer',
5 verbose install     'gulp-changed',
5 verbose install     'gulp-concat',
5 verbose install     'gulp-cssnano',
5 verbose install     'gulp-if',
5 verbose install     'gulp-nodemon',
5 verbose install     'gulp-notify',
5 verbose install     'gulp-sass',
5 verbose install     'gulp-sourcemaps',
5 verbose install     'gulp-uglify',
5 verbose install     'gulp-util',
5 verbose install     'history',
5 verbose install     'jquery',
5 verbose install     'monk',
5 verbose install     'osenv',
5 verbose install     'react-router',
5 verbose install     'react-slider',
5 verbose install     'vinyl-buffer',
5 verbose install     'vinyl-source-stream',
5 verbose install     'yargs' ] ]
6 verbose install where, peers [ '/Applications/MAMP/htdocs/openfoundry', [] ]
7 verbose installManyTop reading for lifecycle /Applications/MAMP/htdocs/openfoundry/package.json
8 info preinstall openfoundry@0.1.0
9 verbose installManyTop reading scoped package data from /Applications/MAMP/htdocs/openfoundry/node_modules/babel-preset-es2015/package.json
10 verbose installManyTop reading scoped package data from /Applications/MAMP/htdocs/openfoundry/node_modules/babel-preset-react/package.json
11 verbose installManyTop reading scoped package data from /Applications/MAMP/htdocs/openfoundry/node_modules/babelify/package.json
12 verbose installManyTop reading scoped package data from /Applications/MAMP/htdocs/openfoundry/node_modules/browser-sync/package.json
13 verbose installManyTop reading scoped package data from /Applications/MAMP/htdocs/openfoundry/node_modules/browserify/package.json
14 verbose installManyTop reading scoped package data from /Applications/MAMP/htdocs/openfoundry/node_modules/classnames/package.json
15 verbose installManyTop reading scoped package data from /Applications/MAMP/htdocs/openfoundry/node_modules/del/package.json
16 verbose installManyTop reading scoped package data from /Applications/MAMP/htdocs/openfoundry/node_modules/express/package.json
17 verbose installManyTop reading scoped package data from /Applications/MAMP/htdocs/openfoundry/node_modules/gulp/package.json
18 verbose installManyTop reading scoped package data from /Applications/MAMP/htdocs/openfoundry/node_modules/gulp-autoprefixer/package.json
19 verbose installManyTop reading scoped package data from /Applications/MAMP/htdocs/openfoundry/node_modules/gulp-changed/package.json
20 verbose installManyTop reading scoped package data from /Applications/MAMP/htdocs/openfoundry/node_modules/gulp-concat/package.json
21 verbose installManyTop reading scoped package data from /Applications/MAMP/htdocs/openfoundry/node_modules/gulp-cssnano/package.json
22 verbose installManyTop reading scoped package data from /Applications/MAMP/htdocs/openfoundry/node_modules/gulp-if/package.json
23 verbose installManyTop reading scoped package data from /Applications/MAMP/htdocs/openfoundry/node_modules/gulp-livereload/package.json
24 verbose installManyTop reading scoped package data from /Applications/MAMP/htdocs/openfoundry/node_modules/gulp-nodemon/package.json
25 verbose installManyTop reading scoped package data from /Applications/MAMP/htdocs/openfoundry/node_modules/gulp-notify/package.json
26 verbose installManyTop reading scoped package data from /Applications/MAMP/htdocs/openfoundry/node_modules/gulp-sass/package.json
27 verbose installManyTop reading scoped package data from /Applications/MAMP/htdocs/openfoundry/node_modules/gulp-sourcemaps/package.json
28 verbose installManyTop reading scoped package data from /Applications/MAMP/htdocs/openfoundry/node_modules/gulp-uglify/package.json
29 verbose installManyTop reading scoped package data from /Applications/MAMP/htdocs/openfoundry/node_modules/gulp-util/package.json
30 verbose installManyTop reading scoped package data from /Applications/MAMP/htdocs/openfoundry/node_modules/history/package.json
31 verbose installManyTop reading scoped package data from /Applications/MAMP/htdocs/openfoundry/node_modules/jade/package.json
32 verbose installManyTop reading scoped package data from /Applications/MAMP/htdocs/openfoundry/node_modules/jquery/package.json
33 verbose installManyTop reading scoped package data from /Applications/MAMP/htdocs/openfoundry/node_modules/mongodb/package.json
34 verbose installManyTop reading scoped package data from /Applications/MAMP/htdocs/openfoundry/node_modules/mongoskin/package.json
35 verbose installManyTop reading scoped package data from /Applications/MAMP/htdocs/openfoundry/node_modules/monk/package.json
36 verbose installManyTop reading scoped package data from /Applications/MAMP/htdocs/openfoundry/node_modules/osenv/package.json
37 verbose installManyTop reading scoped package data from /Applications/MAMP/htdocs/openfoundry/node_modules/react/package.json
38 verbose installManyTop reading scoped package data from /Applications/MAMP/htdocs/openfoundry/node_modules/react-dom/package.json
39 verbose installManyTop reading scoped package data from /Applications/MAMP/htdocs/openfoundry/node_modules/react-router/package.json
40 verbose installManyTop reading scoped package data from /Applications/MAMP/htdocs/openfoundry/node_modules/react-slider/package.json
41 verbose installManyTop reading scoped package data from /Applications/MAMP/htdocs/openfoundry/node_modules/request-ip/package.json
42 verbose installManyTop reading scoped package data from /Applications/MAMP/htdocs/openfoundry/node_modules/vinyl-buffer/package.json
43 verbose installManyTop reading scoped package data from /Applications/MAMP/htdocs/openfoundry/node_modules/vinyl-source-stream/package.json
44 verbose installManyTop reading scoped package data from /Applications/MAMP/htdocs/openfoundry/node_modules/yargs/package.json
45 info package.json jquery@2.1.4 No license field.
46 info package.json monk@1.0.1 No license field.
47 info package.json gulp-notify@2.2.0 No license field.
48 verbose readDependencies loading dependencies from /Applications/MAMP/htdocs/openfoundry/package.json
49 verbose targetResolver reading package data from /Applications/MAMP/htdocs/openfoundry/node_modules/babel-preset-es2015/package.json
50 verbose targetResolver reading package data from /Applications/MAMP/htdocs/openfoundry/node_modules/babel-preset-react/package.json
51 verbose targetResolver reading package data from /Applications/MAMP/htdocs/openfoundry/node_modules/babelify/package.json
52 verbose targetResolver reading package data from /Applications/MAMP/htdocs/openfoundry/node_modules/browser-sync/package.json
53 verbose targetResolver reading package data from /Applications/MAMP/htdocs/openfoundry/node_modules/browserify/package.json
54 verbose targetResolver reading package data from /Applications/MAMP/htdocs/openfoundry/node_modules/classnames/package.json
55 verbose targetResolver reading package data from /Applications/MAMP/htdocs/openfoundry/node_modules/del/package.json
56 verbose targetResolver reading package data from /Applications/MAMP/htdocs/openfoundry/node_modules/express/package.json
57 verbose targetResolver reading package data from /Applications/MAMP/htdocs/openfoundry/node_modules/gulp/package.json
58 verbose targetResolver reading package data from /Applications/MAMP/htdocs/openfoundry/node_modules/gulp-autoprefixer/package.json
59 verbose targetResolver reading package data from /Applications/MAMP/htdocs/openfoundry/node_modules/gulp-changed/package.json
60 verbose targetResolver reading package data from /Applications/MAMP/htdocs/openfoundry/node_modules/gulp-concat/package.json
61 verbose targetResolver reading package data from /Applications/MAMP/htdocs/openfoundry/node_modules/gulp-cssnano/package.json
62 verbose targetResolver reading package data from /Applications/MAMP/htdocs/openfoundry/node_modules/gulp-if/package.json
63 verbose targetResolver reading package data from /Applications/MAMP/htdocs/openfoundry/node_modules/gulp-livereload/package.json
64 verbose targetResolver reading package data from /Applications/MAMP/htdocs/openfoundry/node_modules/gulp-nodemon/package.json
65 verbose targetResolver reading package data from /Applications/MAMP/htdocs/openfoundry/node_modules/gulp-notify/package.json
66 verbose targetResolver reading package data from /Applications/MAMP/htdocs/openfoundry/node_modules/gulp-sass/package.json
67 verbose targetResolver reading package data from /Applications/MAMP/htdocs/openfoundry/node_modules/gulp-sourcemaps/package.json
68 verbose targetResolver reading package data from /Applications/MAMP/htdocs/openfoundry/node_modules/gulp-uglify/package.json
69 verbose targetResolver reading package data from /Applications/MAMP/htdocs/openfoundry/node_modules/gulp-util/package.json
70 verbose targetResolver reading package data from /Applications/MAMP/htdocs/openfoundry/node_modules/history/package.json
71 verbose targetResolver reading package data from /Applications/MAMP/htdocs/openfoundry/node_modules/jade/package.json
72 verbose targetResolver reading package data from /Applications/MAMP/htdocs/openfoundry/node_modules/jquery/package.json
73 verbose targetResolver reading package data from /Applications/MAMP/htdocs/openfoundry/node_modules/mongodb/package.json
74 verbose targetResolver reading package data from /Applications/MAMP/htdocs/openfoundry/node_modules/mongoskin/package.json
75 verbose targetResolver reading package data from /Applications/MAMP/htdocs/openfoundry/node_modules/monk/package.json
76 verbose targetResolver reading package data from /Applications/MAMP/htdocs/openfoundry/node_modules/osenv/package.json
77 verbose targetResolver reading package data from /Applications/MAMP/htdocs/openfoundry/node_modules/react/package.json
78 verbose targetResolver reading package data from /Applications/MAMP/htdocs/openfoundry/node_modules/react-dom/package.json
79 verbose targetResolver reading package data from /Applications/MAMP/htdocs/openfoundry/node_modules/react-router/package.json
80 verbose targetResolver reading package data from /Applications/MAMP/htdocs/openfoundry/node_modules/react-slider/package.json
81 verbose targetResolver reading package data from /Applications/MAMP/htdocs/openfoundry/node_modules/request-ip/package.json
82 verbose targetResolver reading package data from /Applications/MAMP/htdocs/openfoundry/node_modules/vinyl-buffer/package.json
83 verbose targetResolver reading package data from /Applications/MAMP/htdocs/openfoundry/node_modules/vinyl-source-stream/package.json
84 verbose targetResolver reading package data from /Applications/MAMP/htdocs/openfoundry/node_modules/yargs/package.json
85 verbose targetResolver reading package data from /Applications/MAMP/htdocs/openfoundry/node_modules/.bin/browser-sync/package.json
86 verbose targetResolver reading package data from /Applications/MAMP/htdocs/openfoundry/node_modules/.bin/browserify/package.json
87 verbose targetResolver reading package data from /Applications/MAMP/htdocs/openfoundry/node_modules/.bin/gulp/package.json
88 verbose targetResolver reading package data from /Applications/MAMP/htdocs/openfoundry/node_modules/.bin/jade/package.json
89 verbose already installed skipping babel-preset-es2015@^6.1.18 /Applications/MAMP/htdocs/openfoundry
90 verbose already installed skipping babel-preset-react@^6.1.18 /Applications/MAMP/htdocs/openfoundry
91 verbose already installed skipping babelify@^7.2.0 /Applications/MAMP/htdocs/openfoundry
92 verbose already installed skipping browser-sync@^2.11.0 /Applications/MAMP/htdocs/openfoundry
93 verbose already installed skipping browserify@^13.0.0 /Applications/MAMP/htdocs/openfoundry
94 verbose already installed skipping classnames@^2.2.3 /Applications/MAMP/htdocs/openfoundry
95 verbose already installed skipping del@^2.1.0 /Applications/MAMP/htdocs/openfoundry
96 verbose already installed skipping gulp@^3.9.0 /Applications/MAMP/htdocs/openfoundry
97 verbose already installed skipping gulp-autoprefixer@^3.1.0 /Applications/MAMP/htdocs/openfoundry
98 verbose already installed skipping gulp-changed@^1.3.0 /Applications/MAMP/htdocs/openfoundry
99 verbose already installed skipping gulp-concat@^2.6.0 /Applications/MAMP/htdocs/openfoundry
100 verbose already installed skipping gulp-cssnano@^2.0.0 /Applications/MAMP/htdocs/openfoundry
101 verbose already installed skipping gulp-if@^2.0.0 /Applications/MAMP/htdocs/openfoundry
102 verbose already installed skipping gulp-nodemon@^2.0.6 /Applications/MAMP/htdocs/openfoundry
103 verbose already installed skipping gulp-notify@^2.2.0 /Applications/MAMP/htdocs/openfoundry
104 verbose already installed skipping gulp-sass@^2.1.0 /Applications/MAMP/htdocs/openfoundry
105 verbose already installed skipping gulp-sourcemaps@^1.6.0 /Applications/MAMP/htdocs/openfoundry
106 verbose already installed skipping gulp-uglify@^1.5.1 /Applications/MAMP/htdocs/openfoundry
107 verbose already installed skipping gulp-util@^3.0.7 /Applications/MAMP/htdocs/openfoundry
108 verbose already installed skipping history@^2.0.0-rc2 /Applications/MAMP/htdocs/openfoundry
109 verbose already installed skipping jquery@^2.1.4 /Applications/MAMP/htdocs/openfoundry
110 verbose already installed skipping monk@^1.0.1 /Applications/MAMP/htdocs/openfoundry
111 verbose already installed skipping osenv@^0.1.3 /Applications/MAMP/htdocs/openfoundry
112 verbose already installed skipping react-router@^1.0.3 /Applications/MAMP/htdocs/openfoundry
113 verbose already installed skipping react-slider@^0.6.0 /Applications/MAMP/htdocs/openfoundry
114 verbose already installed skipping vinyl-buffer@^1.0.0 /Applications/MAMP/htdocs/openfoundry
115 verbose already installed skipping vinyl-source-stream@^1.1.0 /Applications/MAMP/htdocs/openfoundry
116 verbose already installed skipping yargs@^3.30.0 /Applications/MAMP/htdocs/openfoundry
117 verbose already installed skipping express@^4.13.3 /Applications/MAMP/htdocs/openfoundry
118 verbose already installed skipping jade@^1.11.0 /Applications/MAMP/htdocs/openfoundry
119 verbose already installed skipping mongodb@^2.1.3 /Applications/MAMP/htdocs/openfoundry
120 verbose already installed skipping mongoskin@^1.3.20 /Applications/MAMP/htdocs/openfoundry
121 verbose already installed skipping react@^0.14.5 /Applications/MAMP/htdocs/openfoundry
122 verbose already installed skipping react-dom@^0.14.5 /Applications/MAMP/htdocs/openfoundry
123 verbose already installed skipping request-ip@^1.1.4 /Applications/MAMP/htdocs/openfoundry
124 silly install resolved []
125 info build /Applications/MAMP/htdocs/openfoundry
126 info linkStuff openfoundry@0.1.0
127 silly linkStuff openfoundry@0.1.0 has /Applications/MAMP/htdocs as its parent node_modules
128 verbose linkBins openfoundry@0.1.0
129 verbose linkMans openfoundry@0.1.0
130 verbose rebuildBundles openfoundry@0.1.0
131 verbose rebuildBundles [ '.bin',
131 verbose rebuildBundles   'babel-preset-es2015',
131 verbose rebuildBundles   'babel-preset-react',
131 verbose rebuildBundles   'babelify',
131 verbose rebuildBundles   'browser-sync',
131 verbose rebuildBundles   'browserify',
131 verbose rebuildBundles   'classnames',
131 verbose rebuildBundles   'del',
131 verbose rebuildBundles   'express',
131 verbose rebuildBundles   'gulp',
131 verbose rebuildBundles   'gulp-autoprefixer',
131 verbose rebuildBundles   'gulp-changed',
131 verbose rebuildBundles   'gulp-concat',
131 verbose rebuildBundles   'gulp-cssnano',
131 verbose rebuildBundles   'gulp-if',
131 verbose rebuildBundles   'gulp-livereload',
131 verbose rebuildBundles   'gulp-nodemon',
131 verbose rebuildBundles   'gulp-notify',
131 verbose rebuildBundles   'gulp-sass',
131 verbose rebuildBundles   'gulp-sourcemaps',
131 verbose rebuildBundles   'gulp-uglify',
131 verbose rebuildBundles   'gulp-util',
131 verbose rebuildBundles   'history',
131 verbose rebuildBundles   'jade',
131 verbose rebuildBundles   'jquery',
131 verbose rebuildBundles   'mongodb',
131 verbose rebuildBundles   'mongoskin',
131 verbose rebuildBundles   'monk',
131 verbose rebuildBundles   'osenv',
131 verbose rebuildBundles   'react',
131 verbose rebuildBundles   'react-dom',
131 verbose rebuildBundles   'react-router',
131 verbose rebuildBundles   'react-slider',
131 verbose rebuildBundles   'request-ip',
131 verbose rebuildBundles   'vinyl-buffer',
131 verbose rebuildBundles   'vinyl-source-stream',
131 verbose rebuildBundles   'yargs' ]
132 verbose rebuild bundle /Applications/MAMP/htdocs/openfoundry/node_modules/gulp-livereload
133 info build /Applications/MAMP/htdocs/openfoundry/node_modules/gulp-livereload
134 info preinstall gulp-livereload@3.8.1
135 info linkStuff gulp-livereload@3.8.1
136 silly linkStuff gulp-livereload@3.8.1 has /Applications/MAMP/htdocs/openfoundry/node_modules as its parent node_modules
137 verbose linkBins gulp-livereload@3.8.1
138 verbose linkMans gulp-livereload@3.8.1
139 verbose rebuildBundles gulp-livereload@3.8.1
140 verbose rebuildBundles [ 'chalk', 'debug', 'event-stream', 'lodash.assign', 'mini-lr' ]
141 info install gulp-livereload@3.8.1
142 info postinstall gulp-livereload@3.8.1
143 info install openfoundry@0.1.0
144 info postinstall openfoundry@0.1.0
145 info prepublish openfoundry@0.1.0
146 verbose validateInstall loading /Applications/MAMP/htdocs/openfoundry/package.json for validation
147 verbose stack Error: The package mongodb@2.1.3 does not satisfy its siblings' peerDependencies requirements!
147 verbose stack     at /usr/local/lib/node_modules/npm/lib/install.js:125:32
147 verbose stack     at /usr/local/lib/node_modules/npm/lib/install.js:268:7
147 verbose stack     at /usr/local/lib/node_modules/npm/node_modules/read-installed/read-installed.js:142:5
147 verbose stack     at /usr/local/lib/node_modules/npm/node_modules/read-installed/read-installed.js:263:14
147 verbose stack     at cb (/usr/local/lib/node_modules/npm/node_modules/slide/lib/async-map.js:47:24)
147 verbose stack     at /usr/local/lib/node_modules/npm/node_modules/read-installed/read-installed.js:263:14
147 verbose stack     at cb (/usr/local/lib/node_modules/npm/node_modules/slide/lib/async-map.js:47:24)
147 verbose stack     at /usr/local/lib/node_modules/npm/node_modules/read-installed/read-installed.js:263:14
147 verbose stack     at cb (/usr/local/lib/node_modules/npm/node_modules/slide/lib/async-map.js:47:24)
147 verbose stack     at /usr/local/lib/node_modules/npm/node_modules/read-installed/read-installed.js:263:14
148 verbose cwd /Applications/MAMP/htdocs/openfoundry
149 error Darwin 15.2.0
150 error argv "/usr/local/bin/node" "/usr/local/bin/npm" "install"
151 error node v4.1.1
152 error npm  v2.14.4
153 error code EPEERINVALID
154 error peerinvalid The package mongodb@2.1.3 does not satisfy its siblings' peerDependencies requirements!
154 error peerinvalid Peer mongoskin@1.4.13 wants mongodb@~1.4
155 verbose exit [ 1, true ]
